Release 13.4 - ngc2edif O.87xd (nt64)
Copyright (c) 1995-2011 Xilinx, Inc.  All rights reserved.
Reading design cell_matrix.ngc ...
WARNING:NetListWriters:298 - No output is written to cell_matrix.xncf, ignored.
Processing design ...
   Preping design's networks ...
   Preping design's macros ...
  finished :Prep
Writing EDIF netlist file cell_matrix.edif ...
ngc2edif: Total memory usage is 78096 kilobytes

Release 13.4 - ngc2edif O.87xd (nt64)
Copyright (c) 1995-2011 Xilinx, Inc.  All rights reserved.
Reading design map_rom.ngc ...
WARNING:NetListWriters:298 - No output is written to map_rom.xncf, ignored.
Processing design ...
   Preping design's networks ...
   Preping design's macros ...
  finished :Prep
Writing EDIF netlist file map_rom.edif ...
ngc2edif: Total memory usage is 77904 kilobytes

Release 13.4 - ngc2edif O.87xd (nt64)
Copyright (c) 1995-2011 Xilinx, Inc.  All rights reserved.
Reading design cell_matrix.ngc ...
WARNING:NetListWriters:298 - No output is written to cell_matrix.xncf, ignored.
Processing design ...
   Preping design's networks ...
   Preping design's macros ...
  finished :Prep
Writing EDIF netlist file cell_matrix.edif ...
ngc2edif: Total memory usage is 87312 kilobytes

