Release 13.4 Map O.87xd (nt64)
Xilinx Mapping Report File for Design 'cell_top'

Design Information
------------------
Command Line   : map -intstyle ise -p xc3s500e-fg320-5 -cm area -ir off -pr off
-c 100 -o cell_top_map.ncd cell_top.ngd cell_top.pcf 
Target Device  : xc3s500e
Target Package : fg320
Target Speed   : -5
Mapper Version : spartan3e -- $Revision: 1.55 $
Mapped Date    : Thu Mar 21 22:14:00 2013

Design Summary
--------------
Number of errors:      0
Number of warnings:    0
Logic Utilization:
  Number of Slice Flip Flops:            97 out of   9,312    1%
  Number of 4 input LUTs:               340 out of   9,312    3%
Logic Distribution:
  Number of occupied Slices:            188 out of   4,656    4%
    Number of Slices containing only related logic:     188 out of     188 100%
    Number of Slices containing unrelated logic:          0 out of     188   0%
      *See NOTES below for an explanation of the effects of unrelated logic.
  Total Number of 4 input LUTs:         352 out of   9,312    3%
    Number used as logic:               340
    Number used as a route-thru:         12

  The Slice Logic Distribution report is not meaningful if the design is
  over-mapped for a non-slice resource or if Placement fails.

  Number of bonded IOBs:                 91 out of     232   39%
  Number of BUFGMUXs:                     1 out of      24    4%

Average Fanout of Non-Clock Nets:                2.69

Peak Memory Usage:  248 MB
Total REAL time to MAP completion:  8 secs 
Total CPU time to MAP completion:   4 secs 

NOTES:

   Related logic is defined as being logic that shares connectivity - e.g. two
   LUTs are "related" if they share common inputs.  When assembling slices,
   Map gives priority to combine logic that is related.  Doing so results in
   the best timing performance.

   Unrelated logic shares no connectivity.  Map will only begin packing
   unrelated logic into a slice once 99% of the slices are occupied through
   related logic packing.

   Note that once logic distribution reaches the 99% level through related
   logic packing, this does not mean the device is completely utilized.
   Unrelated logic packing will then begin, continuing until all usable LUTs
   and FFs are occupied.  Depending on your timing budget, increased levels of
   unrelated logic packing may adversely affect the overall timing performance
   of your design.

Table of Contents
-----------------
Section 1 - Errors
Section 2 - Warnings
Section 3 - Informational
Section 4 - Removed Logic Summary
Section 5 - Removed Logic
Section 6 - IOB Properties
Section 7 - RPMs
Section 8 - Guide Report
Section 9 - Area Group and Partition Summary
Section 10 - Timing Report
Section 11 - Configuration String Information
Section 12 - Control Set Information
Section 13 - Utilization by Hierarchy

Section 1 - Errors
------------------

Section 2 - Warnings
--------------------
WARNING:Security:42 - Your license support version '2013.03' for WebPack expires
in 10 days after which you will not qualify for Xilinx software updates or new
releases.

Section 3 - Informational
-------------------------
INFO:Security:54 - 'xc3s500e' is a WebPack part.
INFO:MapLib:562 - No environment variables are currently set.
INFO:LIT:244 - All of the single ended outputs in this design are using slew
   rate limited output drivers. The delay on speed critical single ended outputs
   can be dramatically reduced by designating them as fast outputs.

Section 4 - Removed Logic Summary
---------------------------------
  42 block(s) optimized away
   4 signal(s) removed

Section 5 - Removed Logic
-------------------------

The trimmed logic report below shows the logic removed from your design due to
sourceless or loadless signals, and VCC or ground connections.  If the removal
of a signal or symbol results in the subsequent removal of an additional signal
or symbol, the message explaining that second removal will be indented.  This
indentation will be repeated as a chain of related logic is removed.

To quickly locate the original cause for the removal of a chain of logic, look
above the place where that logic is listed in the trimming report, then locate
the lines that are least indented (begin at the leftmost edge).

The signal
"add_sub_inc/a8/U0/xst_addsub/i_baseblox.i_baseblox_addsub/no_pipelining.the_add
sub/i_lut4.i_lut4_addsub/halfsum<0>" is sourceless and has been removed.
The signal
"add_sub_inc/a7/U0/xst_addsub/i_baseblox.i_baseblox_addsub/no_pipelining.the_add
sub/i_lut4.i_lut4_addsub/halfsum<0>" is sourceless and has been removed.
The signal
"add_sub_inc/a6/U0/xst_addsub/i_baseblox.i_baseblox_addsub/no_pipelining.the_add
sub/i_lut4.i_lut4_addsub/halfsum<0>" is sourceless and has been removed.
The signal
"add_sub_inc/a5/U0/xst_addsub/i_baseblox.i_baseblox_addsub/no_pipelining.the_add
sub/i_lut4.i_lut4_addsub/halfsum<0>" is sourceless and has been removed.

Optimized Block(s):
TYPE 		BLOCK
GND 		XST_GND
VCC 		XST_VCC
LUT2
		add_sub_inc/a5/U0/xst_addsub/i_baseblox.i_baseblox_addsub/no_pipelining.the_ad
dsub/i_lut4.i_lut4_addsub/Mxor_halfsum_Result<0>1
   optimized to 0
GND 		add_sub_inc/a5/XST_GND
LUT2
		add_sub_inc/a6/U0/xst_addsub/i_baseblox.i_baseblox_addsub/no_pipelining.the_ad
dsub/i_lut4.i_lut4_addsub/Mxor_halfsum_Result<0>1
   optimized to 0
GND 		add_sub_inc/a6/XST_GND
LUT2
		add_sub_inc/a7/U0/xst_addsub/i_baseblox.i_baseblox_addsub/no_pipelining.the_ad
dsub/i_lut4.i_lut4_addsub/Mxor_halfsum_Result<0>1
   optimized to 0
GND 		add_sub_inc/a7/XST_GND
LUT2
		add_sub_inc/a8/U0/xst_addsub/i_baseblox.i_baseblox_addsub/no_pipelining.the_ad
dsub/i_lut4.i_lut4_addsub/Mxor_halfsum_Result<0>1
   optimized to 0
GND 		add_sub_inc/a8/XST_GND
GND 		add_sub_inc/incx2/XST_GND
VCC 		add_sub_inc/incx2/XST_VCC
GND 		add_sub_inc/incx4/XST_GND
VCC 		add_sub_inc/incx4/XST_VCC
GND 		add_sub_inc/incx5/XST_GND
VCC 		add_sub_inc/incx5/XST_VCC
GND 		add_sub_inc/incx6/XST_GND
VCC 		add_sub_inc/incx6/XST_VCC
GND 		add_sub_inc/incx7/XST_GND
VCC 		add_sub_inc/incx7/XST_VCC
GND 		add_sub_inc/incx8/XST_GND
VCC 		add_sub_inc/incx8/XST_VCC
GND 		add_sub_inc/incy1/XST_GND
VCC 		add_sub_inc/incy1/XST_VCC
GND 		add_sub_inc/incy3/XST_GND
VCC 		add_sub_inc/incy3/XST_VCC
GND 		add_sub_inc/incy5/XST_GND
VCC 		add_sub_inc/incy5/XST_VCC
GND 		add_sub_inc/incy6/XST_GND
VCC 		add_sub_inc/incy6/XST_VCC
GND 		add_sub_inc/incy7/XST_GND
VCC 		add_sub_inc/incy7/XST_VCC
GND 		add_sub_inc/incy8/XST_GND
VCC 		add_sub_inc/incy8/XST_VCC
XORCY
		add_sub_inc/a5/U0/xst_addsub/i_baseblox.i_baseblox_addsub/no_pipelining.the_ad
dsub/i_lut4.i_lut4_addsub/i_simple_model.carryxor0
MUXCY
		add_sub_inc/a5/U0/xst_addsub/i_baseblox.i_baseblox_addsub/no_pipelining.the_ad
dsub/i_lut4.i_lut4_addsub/i_simple_model.i_need_mux.carrymux0
XORCY
		add_sub_inc/a6/U0/xst_addsub/i_baseblox.i_baseblox_addsub/no_pipelining.the_ad
dsub/i_lut4.i_lut4_addsub/i_simple_model.carryxor0
MUXCY
		add_sub_inc/a6/U0/xst_addsub/i_baseblox.i_baseblox_addsub/no_pipelining.the_ad
dsub/i_lut4.i_lut4_addsub/i_simple_model.i_need_mux.carrymux0
XORCY
		add_sub_inc/a7/U0/xst_addsub/i_baseblox.i_baseblox_addsub/no_pipelining.the_ad
dsub/i_lut4.i_lut4_addsub/i_simple_model.carryxor0
MUXCY
		add_sub_inc/a7/U0/xst_addsub/i_baseblox.i_baseblox_addsub/no_pipelining.the_ad
dsub/i_lut4.i_lut4_addsub/i_simple_model.i_need_mux.carrymux0
XORCY
		add_sub_inc/a8/U0/xst_addsub/i_baseblox.i_baseblox_addsub/no_pipelining.the_ad
dsub/i_lut4.i_lut4_addsub/i_simple_model.carryxor0
MUXCY
		add_sub_inc/a8/U0/xst_addsub/i_baseblox.i_baseblox_addsub/no_pipelining.the_ad
dsub/i_lut4.i_lut4_addsub/i_simple_model.i_need_mux.carrymux0

To enable printing of redundant blocks removed and signals merged, set the
detailed map report option and rerun map.

Section 6 - IOB Properties
--------------------------

+---------------------------------------------------------------------------------------------------------------------------------------------------------+
| IOB Name                           | Type             | Direction | IO Standard          | Diff  | Drive    | Slew | Reg (s)      | Resistor | IOB      |
|                                    |                  |           |                      | Term  | Strength | Rate |              |          | Delay    |
+---------------------------------------------------------------------------------------------------------------------------------------------------------+
| clk                                | IBUF             | INPUT     | LVCMOS25             |       |          |      |              |          | 0 / 0    |
| d1<0>                              | IBUF             | INPUT     | LVCMOS25             |       |          |      |              |          | 0 / 0    |
| d1<1>                              | IBUF             | INPUT     | LVCMOS25             |       |          |      |              |          | 0 / 0    |
| d1<2>                              | IBUF             | INPUT     | LVCMOS25             |       |          |      |              |          | 0 / 0    |
| d1<3>                              | IBUF             | INPUT     | LVCMOS25             |       |          |      |              |          | 0 / 0    |
| d1<4>                              | IBUF             | INPUT     | LVCMOS25             |       |          |      |              |          | 0 / 0    |
| d2<0>                              | IBUF             | INPUT     | LVCMOS25             |       |          |      |              |          | 0 / 0    |
| d2<1>                              | IBUF             | INPUT     | LVCMOS25             |       |          |      |              |          | 0 / 0    |
| d2<2>                              | IBUF             | INPUT     | LVCMOS25             |       |          |      |              |          | 0 / 0    |
| d2<3>                              | IBUF             | INPUT     | LVCMOS25             |       |          |      |              |          | 0 / 0    |
| d2<4>                              | IBUF             | INPUT     | LVCMOS25             |       |          |      |              |          | 0 / 0    |
| d3<0>                              | IBUF             | INPUT     | LVCMOS25             |       |          |      |              |          | 0 / 0    |
| d3<1>                              | IBUF             | INPUT     | LVCMOS25             |       |          |      |              |          | 0 / 0    |
| d3<2>                              | IBUF             | INPUT     | LVCMOS25             |       |          |      |              |          | 0 / 0    |
| d3<3>                              | IBUF             | INPUT     | LVCMOS25             |       |          |      |              |          | 0 / 0    |
| d3<4>                              | IBUF             | INPUT     | LVCMOS25             |       |          |      |              |          | 0 / 0    |
| d4<0>                              | IBUF             | INPUT     | LVCMOS25             |       |          |      |              |          | 0 / 0    |
| d4<1>                              | IBUF             | INPUT     | LVCMOS25             |       |          |      |              |          | 0 / 0    |
| d4<2>                              | IBUF             | INPUT     | LVCMOS25             |       |          |      |              |          | 0 / 0    |
| d4<3>                              | IBUF             | INPUT     | LVCMOS25             |       |          |      |              |          | 0 / 0    |
| d4<4>                              | IBUF             | INPUT     | LVCMOS25             |       |          |      |              |          | 0 / 0    |
| d5<0>                              | IBUF             | INPUT     | LVCMOS25             |       |          |      |              |          | 0 / 0    |
| d5<1>                              | IBUF             | INPUT     | LVCMOS25             |       |          |      |              |          | 0 / 0    |
| d5<2>                              | IBUF             | INPUT     | LVCMOS25             |       |          |      |              |          | 0 / 0    |
| d5<3>                              | IBUF             | INPUT     | LVCMOS25             |       |          |      |              |          | 0 / 0    |
| d5<4>                              | IBUF             | INPUT     | LVCMOS25             |       |          |      |              |          | 0 / 0    |
| d6<0>                              | IBUF             | INPUT     | LVCMOS25             |       |          |      |              |          | 0 / 0    |
| d6<1>                              | IBUF             | INPUT     | LVCMOS25             |       |          |      |              |          | 0 / 0    |
| d6<2>                              | IBUF             | INPUT     | LVCMOS25             |       |          |      |              |          | 0 / 0    |
| d6<3>                              | IBUF             | INPUT     | LVCMOS25             |       |          |      |              |          | 0 / 0    |
| d6<4>                              | IBUF             | INPUT     | LVCMOS25             |       |          |      |              |          | 0 / 0    |
| d7<0>                              | IBUF             | INPUT     | LVCMOS25             |       |          |      |              |          | 0 / 0    |
| d7<1>                              | IBUF             | INPUT     | LVCMOS25             |       |          |      |              |          | 0 / 0    |
| d7<2>                              | IBUF             | INPUT     | LVCMOS25             |       |          |      |              |          | 0 / 0    |
| d7<3>                              | IBUF             | INPUT     | LVCMOS25             |       |          |      |              |          | 0 / 0    |
| d7<4>                              | IBUF             | INPUT     | LVCMOS25             |       |          |      |              |          | 0 / 0    |
| d8<0>                              | IBUF             | INPUT     | LVCMOS25             |       |          |      |              |          | 0 / 0    |
| d8<1>                              | IBUF             | INPUT     | LVCMOS25             |       |          |      |              |          | 0 / 0    |
| d8<2>                              | IBUF             | INPUT     | LVCMOS25             |       |          |      |              |          | 0 / 0    |
| d8<3>                              | IBUF             | INPUT     | LVCMOS25             |       |          |      |              |          | 0 / 0    |
| d8<4>                              | IBUF             | INPUT     | LVCMOS25             |       |          |      |              |          | 0 / 0    |
| d<0>                               | IOB              | OUTPUT    | LVCMOS25             |       | 12       | SLOW |              |          | 0 / 0    |
| d<1>                               | IOB              | OUTPUT    | LVCMOS25             |       | 12       | SLOW |              |          | 0 / 0    |
| d<2>                               | IOB              | OUTPUT    | LVCMOS25             |       | 12       | SLOW |              |          | 0 / 0    |
| d<3>                               | IOB              | OUTPUT    | LVCMOS25             |       | 12       | SLOW |              |          | 0 / 0    |
| d<4>                               | IOB              | OUTPUT    | LVCMOS25             |       | 12       | SLOW |              |          | 0 / 0    |
| done                               | IOB              | OUTPUT    | LVCMOS25             |       | 12       | SLOW |              |          | 0 / 0    |
| done1                              | IBUF             | INPUT     | LVCMOS25             |       |          |      |              |          | 0 / 0    |
| done2                              | IBUF             | INPUT     | LVCMOS25             |       |          |      |              |          | 0 / 0    |
| done3                              | IBUF             | INPUT     | LVCMOS25             |       |          |      |              |          | 0 / 0    |
| done4                              | IBUF             | INPUT     | LVCMOS25             |       |          |      |              |          | 0 / 0    |
| done5                              | IBUF             | INPUT     | LVCMOS25             |       |          |      |              |          | 0 / 0    |
| done6                              | IBUF             | INPUT     | LVCMOS25             |       |          |      |              |          | 0 / 0    |
| done7                              | IBUF             | INPUT     | LVCMOS25             |       |          |      |              |          | 0 / 0    |
| done8                              | IBUF             | INPUT     | LVCMOS25             |       |          |      |              |          | 0 / 0    |
| x1<0>                              | IBUF             | INPUT     | LVCMOS25             |       |          |      |              |          | 0 / 0    |
| x1<1>                              | IBUF             | INPUT     | LVCMOS25             |       |          |      |              |          | 0 / 0    |
| x2<0>                              | IBUF             | INPUT     | LVCMOS25             |       |          |      |              |          | 0 / 0    |
| x2<1>                              | IBUF             | INPUT     | LVCMOS25             |       |          |      |              |          | 0 / 0    |
| x3<0>                              | IBUF             | INPUT     | LVCMOS25             |       |          |      |              |          | 0 / 0    |
| x3<1>                              | IBUF             | INPUT     | LVCMOS25             |       |          |      |              |          | 0 / 0    |
| x4<0>                              | IBUF             | INPUT     | LVCMOS25             |       |          |      |              |          | 0 / 0    |
| x4<1>                              | IBUF             | INPUT     | LVCMOS25             |       |          |      |              |          | 0 / 0    |
| x5<0>                              | IBUF             | INPUT     | LVCMOS25             |       |          |      |              |          | 0 / 0    |
| x5<1>                              | IBUF             | INPUT     | LVCMOS25             |       |          |      |              |          | 0 / 0    |
| x6<0>                              | IBUF             | INPUT     | LVCMOS25             |       |          |      |              |          | 0 / 0    |
| x6<1>                              | IBUF             | INPUT     | LVCMOS25             |       |          |      |              |          | 0 / 0    |
| x7<0>                              | IBUF             | INPUT     | LVCMOS25             |       |          |      |              |          | 0 / 0    |
| x7<1>                              | IBUF             | INPUT     | LVCMOS25             |       |          |      |              |          | 0 / 0    |
| x8<0>                              | IBUF             | INPUT     | LVCMOS25             |       |          |      |              |          | 0 / 0    |
| x8<1>                              | IBUF             | INPUT     | LVCMOS25             |       |          |      |              |          | 0 / 0    |
| xout<0>                            | IOB              | OUTPUT    | LVCMOS25             |       | 12       | SLOW |              |          | 0 / 0    |
| xout<1>                            | IOB              | OUTPUT    | LVCMOS25             |       | 12       | SLOW |              |          | 0 / 0    |
| y1<0>                              | IBUF             | INPUT     | LVCMOS25             |       |          |      |              |          | 0 / 0    |
| y1<1>                              | IBUF             | INPUT     | LVCMOS25             |       |          |      |              |          | 0 / 0    |
| y2<0>                              | IBUF             | INPUT     | LVCMOS25             |       |          |      |              |          | 0 / 0    |
| y2<1>                              | IBUF             | INPUT     | LVCMOS25             |       |          |      |              |          | 0 / 0    |
| y3<0>                              | IBUF             | INPUT     | LVCMOS25             |       |          |      |              |          | 0 / 0    |
| y3<1>                              | IBUF             | INPUT     | LVCMOS25             |       |          |      |              |          | 0 / 0    |
| y4<0>                              | IBUF             | INPUT     | LVCMOS25             |       |          |      |              |          | 0 / 0    |
| y4<1>                              | IBUF             | INPUT     | LVCMOS25             |       |          |      |              |          | 0 / 0    |
| y5<0>                              | IBUF             | INPUT     | LVCMOS25             |       |          |      |              |          | 0 / 0    |
| y5<1>                              | IBUF             | INPUT     | LVCMOS25             |       |          |      |              |          | 0 / 0    |
| y6<0>                              | IBUF             | INPUT     | LVCMOS25             |       |          |      |              |          | 0 / 0    |
| y6<1>                              | IBUF             | INPUT     | LVCMOS25             |       |          |      |              |          | 0 / 0    |
| y7<0>                              | IBUF             | INPUT     | LVCMOS25             |       |          |      |              |          | 0 / 0    |
| y7<1>                              | IBUF             | INPUT     | LVCMOS25             |       |          |      |              |          | 0 / 0    |
| y8<0>                              | IBUF             | INPUT     | LVCMOS25             |       |          |      |              |          | 0 / 0    |
| y8<1>                              | IBUF             | INPUT     | LVCMOS25             |       |          |      |              |          | 0 / 0    |
| yout<0>                            | IOB              | OUTPUT    | LVCMOS25             |       | 12       | SLOW |              |          | 0 / 0    |
| yout<1>                            | IOB              | OUTPUT    | LVCMOS25             |       | 12       | SLOW |              |          | 0 / 0    |
+---------------------------------------------------------------------------------------------------------------------------------------------------------+

Section 7 - RPMs
----------------

Section 8 - Guide Report
------------------------
Guide not run on this design.

Section 9 - Area Group and Partition Summary
--------------------------------------------

Partition Implementation Status
-------------------------------

  No Partitions were found in this design.

-------------------------------

Area Group Information
----------------------

  No area groups were found in this design.

----------------------

Section 10 - Timing Report
--------------------------
This design was not run using timing mode.

Section 11 - Configuration String Details
-----------------------------------------
Use the "-detail" map option to print out Configuration Strings

Section 12 - Control Set Information
------------------------------------
No control set information for this architecture.

Section 13 - Utilization by Hierarchy
-------------------------------------
Use the "-detail" map option to print out the Utilization by Hierarchy section.
